<?xml version="1.0" encoding="UTF-8"?>
<!-- Generated by org.testng.reporters.JUnitXMLReporter -->
<testsuite ignored="4" hostname="IN-996XTN3" failures="2" tests="14" name="Test" time="28.932" errors="0" timestamp="2023-09-13T13:49:41 IST">
  <testcase classname="GreenCart_Tests.HomePageTest" name="VerifyProductsAreDisplayedOnTheHomePage" time="0.748"/>
  <testcase classname="GreenCart_Tests.HomePageTest" name="VerifyProductImagePriceAndAddToCartButtonAreDisplayedForEachProduct" time="2.255"/>
  <testcase classname="GreenCart_Tests.HomePageTest" name="VerifyAddToCartFuntionality" time="0.366"/>
  <testcase classname="GreenCart_Tests.HomePageTest" name="VerifyProductDetailsInMiniBasket" time="0.843"/>
  <testcase classname="GreenCart_Tests.HomePageTest" name="VerifySearchFuntioanlityOnHomePage" time="0.406"/>
  <testcase classname="GreenCart_Tests.CheckoutPageTest" name="VerifyProductDetailsInCheckoutPage" time="1.395"/>
  <testcase classname="GreenCart_Tests.CheckoutPageTest" name="VerifySingleLineOrder" time="1.595"/>
  <testcase classname="GreenCart_Tests.CheckoutPageTest" name="VerifySingleLineMultiQtyOrder" time="1.441"/>
  <testcase classname="GreenCart_Tests.CheckoutPageTest" name="VerifyMultiLIneOrder" time="1.426">
    <skipped/>
  </testcase> <!-- VerifyMultiLIneOrder -->
  <testcase classname="GreenCart_Tests.CheckoutPageTest" name="VerifyMultiLIneOrder" time="1.382"/>
  <testcase classname="GreenCart_Tests.CheckoutPageTest" name="VerifyMultiLineMultiQtyOrder" time="1.749"/>
  <testcase classname="GreenCart_Tests.CheckoutPageTest" name="VerifyUserCanNavigateToTermsAndConditionsPage" time="1.734"/>
  <testcase classname="GreenCart_Tests.Negative_ScenarioTests" name="VerifyOrderCannotBePlacedWithoutSelectingTermsAndConditions" time="1.67">
    <failure type="java.lang.AssertionError" message="expected [Please accept Terms &amp;amp; Conditions - Require] but found [Please accept Terms &amp;amp; Conditions - Required]">
      <![CDATA[java.lang.AssertionError: expected [Please accept Terms & Conditions - Require] but found [Please accept Terms & Conditions - Required]
at GreenCart_Tests.Negative_ScenarioTests.VerifyOrderCannotBePlacedWithoutSelectingTermsAndConditions(Negative_ScenarioTests.java:32)
at java.base/java.util.ArrayList.forEach(ArrayList.java:1541)
... Removed 33 stack frames]]>
    </failure>
  </testcase> <!-- VerifyOrderCannotBePlacedWithoutSelectingTermsAndConditions -->
  <testcase classname="GreenCart_Tests.Negative_ScenarioTests" name="verifyPromoCodeIsValidOrNot" time="6.749">
    <failure type="java.lang.AssertionError" message="expected [Invalid code .!] but found [Invalid code ..!]">
      <![CDATA[java.lang.AssertionError: expected [Invalid code .!] but found [Invalid code ..!]
at GreenCart_Tests.Negative_ScenarioTests.verifyPromoCodeIsValidOrNot(Negative_ScenarioTests.java:45)
at java.base/java.util.ArrayList.forEach(ArrayList.java:1541)
... Removed 33 stack frames]]>
    </failure>
  </testcase> <!-- verifyPromoCodeIsValidOrNot -->
  <testcase classname="TestBase.Base" name="@BeforeSuite initialization" time="0.0">
    <ignored/>
  </testcase> <!-- @BeforeSuite initialization -->
  <testcase classname="TestBase.Base" name="@BeforeSuite initialization" time="0.0">
    <ignored/>
  </testcase> <!-- @BeforeSuite initialization -->
  <testcase classname="TestBase.Base" name="@AfterSuite email" time="0.0">
    <ignored/>
  </testcase> <!-- @AfterSuite email -->
  <testcase classname="TestBase.Base" name="@AfterSuite email" time="0.0">
    <ignored/>
  </testcase> <!-- @AfterSuite email -->
</testsuite> <!-- Test -->
